# JRE version: Java(TM) SE Runtime Environment (7.0_75-b13) (build 1.7.0_75-b13)
# Java VM: Java HotSpot(TM) 64-Bit Server VM (24.75-b04 mixed mode windows-amd64 compressed oops)
Heap
 PSYoungGen      total 329728K, used 198695K [0x00000000eaa80000, 0x00000000fff00000, 0x0000000100000000)
  eden space 323072K, 59% used [0x00000000eaa80000,0x00000000f6629d88,0x00000000fe600000)
  from space 6656K, 98% used [0x00000000fe600000,0x00000000fec601a0,0x00000000fec80000)
  to   space 12800K, 0% used [0x00000000ff280000,0x00000000ff280000,0x00000000fff00000)
 ParOldGen       total 43520K, used 31669K [0x00000000c0000000, 0x00000000c2a80000, 0x00000000eaa80000)
  object space 43520K, 72% used [0x00000000c0000000,0x00000000c1eed548,0x00000000c2a80000)
 PSPermGen       total 21504K, used 4527K [0x00000000bae00000, 0x00000000bc300000, 0x00000000c0000000)
  object space 21504K, 21% used [0x00000000bae00000,0x00000000bb26bf08,0x00000000bc300000)
GC Heap History (10 events):
Event: 4.915 GC heap before
{Heap before GC invocations=7 (full 0):
 PSYoungGen      total 142848K, used 140912K [0x00000000eaa80000, 0x00000000f3d80000, 0x0000000100000000)
  eden space 135168K, 100% used [0x00000000eaa80000,0x00000000f2e80000,0x00000000f2e80000)
  from space 7680K, 74% used [0x00000000f3600000,0x00000000f3b9c110,0x00000000f3d80000)
  to   space 7680K, 0% used [0x00000000f2e80000,0x00000000f2e80000,0x00000000f3600000)
 ParOldGen       total 43520K, used 9699K [0x00000000c0000000, 0x00000000c2a80000, 0x00000000eaa80000)
  object space 43520K, 22% used [0x00000000c0000000,0x00000000c0978d98,0x00000000c2a80000)
 PSPermGen       total 21504K, used 4513K [0x00000000bae00000, 0x00000000bc300000, 0x00000000c0000000)
  object space 21504K, 20% used [0x00000000bae00000,0x00000000bb268438,0x00000000bc300000)
Event: 4.937 GC heap after
Heap after GC invocations=7 (full 0):
 PSYoungGen      total 142848K, used 7648K [0x00000000eaa80000, 0x00000000fc580000, 0x0000000100000000)
  eden space 135168K, 0% used [0x00000000eaa80000,0x00000000eaa80000,0x00000000f2e80000)
  from space 7680K, 99% used [0x00000000f2e80000,0x00000000f35f8160,0x00000000f3600000)
  to   space 9728K, 0% used [0x00000000fbc00000,0x00000000fbc00000,0x00000000fc580000)
 ParOldGen       total 43520K, used 11457K [0x00000000c0000000, 0x00000000c2a80000, 0x00000000eaa80000)
  object space 43520K, 26% used [0x00000000c0000000,0x00000000c0b30708,0x00000000c2a80000)
 PSPermGen       total 21504K, used 4513K [0x00000000bae00000, 0x00000000bc300000, 0x00000000c0000000)
  object space 21504K, 20% used [0x00000000bae00000,0x00000000bb268438,0x00000000bc300000)
}
Event: 5.647 GC heap before
{Heap before GC invocations=8 (full 0):
 PSYoungGen      total 142848K, used 142816K [0x00000000eaa80000, 0x00000000fc580000, 0x0000000100000000)
  eden space 135168K, 100% used [0x00000000eaa80000,0x00000000f2e80000,0x00000000f2e80000)
  from space 7680K, 99% used [0x00000000f2e80000,0x00000000f35f8160,0x00000000f3600000)
  to   space 9728K, 0% used [0x00000000fbc00000,0x00000000fbc00000,0x00000000fc580000)
 ParOldGen       total 43520K, used 11457K [0x00000000c0000000, 0x00000000c2a80000, 0x00000000eaa80000)
  object space 43520K, 26% used [0x00000000c0000000,0x00000000c0b30708,0x00000000c2a80000)
 PSPermGen       total 21504K, used 4515K [0x00000000bae00000, 0x00000000bc300000, 0x00000000c0000000)
  object space 21504K, 21% used [0x00000000bae00000,0x00000000bb268fe8,0x00000000bc300000)
Event: 5.667 GC heap after
Heap after GC invocations=8 (full 0):
 PSYoungGen      total 278016K, used 9696K [0x00000000eaa80000, 0x00000000fc980000, 0x0000000100000000)
  eden space 268288K, 0% used [0x00000000eaa80000,0x00000000eaa80000,0x00000000fb080000)
  from space 9728K, 99% used [0x00000000fbc00000,0x00000000fc5780e0,0x00000000fc580000)
  to   space 11776K, 0% used [0x00000000fb080000,0x00000000fb080000,0x00000000fbc00000)
 ParOldGen       total 43520K, used 13139K [0x00000000c0000000, 0x00000000c2a80000, 0x00000000eaa80000)
  object space 43520K, 30% used [0x00000000c0000000,0x00000000c0cd4f78,0x00000000c2a80000)
 PSPermGen       total 21504K, used 4515K [0x00000000bae00000, 0x00000000bc300000, 0x00000000c0000000)
  object space 21504K, 21% used [0x00000000bae00000,0x00000000bb268fe8,0x00000000bc300000)
}
Event: 6.566 GC heap before
{Heap before GC invocations=9 (full 0):
 PSYoungGen      total 278016K, used 277984K [0x00000000eaa80000, 0x00000000fc980000, 0x0000000100000000)
  eden space 268288K, 100% used [0x00000000eaa80000,0x00000000fb080000,0x00000000fb080000)
  from space 9728K, 99% used [0x00000000fbc00000,0x00000000fc5780e0,0x00000000fc580000)
  to   space 11776K, 0% used [0x00000000fb080000,0x00000000fb080000,0x00000000fbc00000)
 ParOldGen       total 43520K, used 13139K [0x00000000c0000000, 0x00000000c2a80000, 0x00000000eaa80000)
  object space 43520K, 30% used [0x00000000c0000000,0x00000000c0cd4f78,0x00000000c2a80000)
 PSPermGen       total 21504K, used 4518K [0x00000000bae00000, 0x00000000bc300000, 0x00000000c0000000)
  object space 21504K, 21% used [0x00000000bae00000,0x00000000bb269948,0x00000000bc300000)
Event: 6.585 GC heap after
Heap after GC invocations=9 (full 0):
 PSYoungGen      total 280064K, used 10512K [0x00000000eaa80000, 0x0000000100000000, 0x0000000100000000)
  eden space 268288K, 0% used [0x00000000eaa80000,0x00000000eaa80000,0x00000000fb080000)
  from space 11776K, 89% used [0x00000000fb080000,0x00000000fbac4210,0x00000000fbc00000)
  to   space 13312K, 0% used [0x00000000ff300000,0x00000000ff300000,0x0000000100000000)
 ParOldGen       total 43520K, used 16868K [0x00000000c0000000, 0x00000000c2a80000, 0x00000000eaa80000)
  object space 43520K, 38% used [0x00000000c0000000,0x00000000c10790d0,0x00000000c2a80000)
 PSPermGen       total 21504K, used 4518K [0x00000000bae00000, 0x00000000bc300000, 0x00000000c0000000)
  object space 21504K, 21% used [0x00000000bae00000,0x00000000bb269948,0x00000000bc300000)
}
Event: 7.364 GC heap before
{Heap before GC invocations=10 (full 0):
 PSYoungGen      total 280064K, used 278800K [0x00000000eaa80000, 0x0000000100000000, 0x0000000100000000)
  eden space 268288K, 100% used [0x00000000eaa80000,0x00000000fb080000,0x00000000fb080000)
  from space 11776K, 89% used [0x00000000fb080000,0x00000000fbac4210,0x00000000fbc00000)
  to   space 13312K, 0% used [0x00000000ff300000,0x00000000ff300000,0x0000000100000000)
 ParOldGen       total 43520K, used 16868K [0x00000000c0000000, 0x00000000c2a80000, 0x00000000eaa80000)
  object space 43520K, 38% used [0x00000000c0000000,0x00000000c10790d0,0x00000000c2a80000)
 PSPermGen       total 21504K, used 4524K [0x00000000bae00000, 0x00000000bc300000, 0x00000000c0000000)
  object space 21504K, 21% used [0x00000000bae00000,0x00000000bb26b1d8,0x00000000bc300000)
Event: 7.384 GC heap after
Heap after GC invocations=10 (full 0):
 PSYoungGen      total 336384K, used 9328K [0x00000000eaa80000, 0x0000000100000000, 0x0000000100000000)
  eden space 323072K, 0% used [0x00000000eaa80000,0x00000000eaa80000,0x00000000fe600000)
  from space 13312K, 70% used [0x00000000ff300000,0x00000000ffc1c1f0,0x0000000100000000)
  to   space 13312K, 0% used [0x00000000fe600000,0x00000000fe600000,0x00000000ff300000)
 ParOldGen       total 43520K, used 22555K [0x00000000c0000000, 0x00000000c2a80000, 0x00000000eaa80000)
  object space 43520K, 51% used [0x00000000c0000000,0x00000000c1606e18,0x00000000c2a80000)
 PSPermGen       total 21504K, used 4524K [0x00000000bae00000, 0x00000000bc300000, 0x00000000c0000000)
  object space 21504K, 21% used [0x00000000bae00000,0x00000000bb26b1d8,0x00000000bc300000)
}
Event: 8.041 GC heap before
{Heap before GC invocations=11 (full 0):
 PSYoungGen      total 336384K, used 332400K [0x00000000eaa80000, 0x0000000100000000, 0x0000000100000000)
  eden space 323072K, 100% used [0x00000000eaa80000,0x00000000fe600000,0x00000000fe600000)
  from space 13312K, 70% used [0x00000000ff300000,0x00000000ffc1c1f0,0x0000000100000000)
  to   space 13312K, 0% used [0x00000000fe600000,0x00000000fe600000,0x00000000ff300000)
 ParOldGen       total 43520K, used 22555K [0x00000000c0000000, 0x00000000c2a80000, 0x00000000eaa80000)
  object space 43520K, 51% used [0x00000000c0000000,0x00000000c1606e18,0x00000000c2a80000)
 PSPermGen       total 21504K, used 4526K [0x00000000bae00000, 0x00000000bc300000, 0x00000000c0000000)
  object space 21504K, 21% used [0x00000000bae00000,0x00000000bb26b9c0,0x00000000bc300000)
Event: 8.063 GC heap after
Heap after GC invocations=11 (full 0):
 PSYoungGen      total 329728K, used 6528K [0x00000000eaa80000, 0x00000000fff00000, 0x0000000100000000)
  eden space 323072K, 0% used [0x00000000eaa80000,0x00000000eaa80000,0x00000000fe600000)
  from space 6656K, 98% used [0x00000000fe600000,0x00000000fec601a0,0x00000000fec80000)
  to   space 12800K, 0% used [0x00000000ff280000,0x00000000ff280000,0x00000000fff00000)
 ParOldGen       total 43520K, used 31669K [0x00000000c0000000, 0x00000000c2a80000, 0x00000000eaa80000)
  object space 43520K, 72% used [0x00000000c0000000,0x00000000c1eed548,0x00000000c2a80000)
 PSPermGen       total 21504K, used 4526K [0x00000000bae00000, 0x00000000bc300000, 0x00000000c0000000)
  object space 21504K, 21% used [0x00000000bae00000,0x00000000bb26b9c0,0x00000000bc300000)
}

