# JRE version: Java(TM) SE Runtime Environment (7.0_75-b13) (build 1.7.0_75-b13)
# Java VM: Java HotSpot(TM) 64-Bit Server VM (24.75-b04 mixed mode windows-amd64 compressed oops)
Heap
 PSYoungGen      total 279552K, used 132987K [0x00000000eaa80000, 0x00000000fd080000, 0x0000000100000000)
  eden space 265728K, 44% used [0x00000000eaa80000,0x00000000f1ee6a08,0x00000000fae00000)
  from space 13824K, 99% used [0x00000000fbe00000,0x00000000fcb78200,0x00000000fcb80000)
  to   space 16384K, 0% used [0x00000000fae00000,0x00000000fae00000,0x00000000fbe00000)
 ParOldGen       total 43520K, used 18328K [0x00000000c0000000, 0x00000000c2a80000, 0x00000000eaa80000)
  object space 43520K, 42% used [0x00000000c0000000,0x00000000c11e6398,0x00000000c2a80000)
 PSPermGen       total 21504K, used 4525K [0x00000000bae00000, 0x00000000bc300000, 0x00000000c0000000)
  object space 21504K, 21% used [0x00000000bae00000,0x00000000bb26b4b0,0x00000000bc300000)
GC Heap History (10 events):
Event: 2.162 GC heap before
{Heap before GC invocations=4 (full 0):
 PSYoungGen      total 36352K, used 36336K [0x00000000eaa80000, 0x00000000ef180000, 0x0000000100000000)
  eden space 33792K, 100% used [0x00000000eaa80000,0x00000000ecb80000,0x00000000ecb80000)
  from space 2560K, 99% used [0x00000000ecb80000,0x00000000ecdfc010,0x00000000ece00000)
  to   space 2560K, 0% used [0x00000000eef00000,0x00000000eef00000,0x00000000ef180000)
 ParOldGen       total 43520K, used 4336K [0x00000000c0000000, 0x00000000c2a80000, 0x00000000eaa80000)
  object space 43520K, 9% used [0x00000000c0000000,0x00000000c043c1c8,0x00000000c2a80000)
 PSPermGen       total 21504K, used 4505K [0x00000000bae00000, 0x00000000bc300000, 0x00000000c0000000)
  object space 21504K, 20% used [0x00000000bae00000,0x00000000bb2666c8,0x00000000bc300000)
Event: 2.171 GC heap after
Heap after GC invocations=4 (full 0):
 PSYoungGen      total 70144K, used 2544K [0x00000000eaa80000, 0x00000000ef180000, 0x0000000100000000)
  eden space 67584K, 0% used [0x00000000eaa80000,0x00000000eaa80000,0x00000000eec80000)
  from space 2560K, 99% used [0x00000000eef00000,0x00000000ef17c030,0x00000000ef180000)
  to   space 2560K, 0% used [0x00000000eec80000,0x00000000eec80000,0x00000000eef00000)
 ParOldGen       total 43520K, used 7646K [0x00000000c0000000, 0x00000000c2a80000, 0x00000000eaa80000)
  object space 43520K, 17% used [0x00000000c0000000,0x00000000c0777ad0,0x00000000c2a80000)
 PSPermGen       total 21504K, used 4505K [0x00000000bae00000, 0x00000000bc300000, 0x00000000c0000000)
  object space 21504K, 20% used [0x00000000bae00000,0x00000000bb2666c8,0x00000000bc300000)
}
Event: 2.648 GC heap before
{Heap before GC invocations=5 (full 0):
 PSYoungGen      total 70144K, used 70128K [0x00000000eaa80000, 0x00000000ef180000, 0x0000000100000000)
  eden space 67584K, 100% used [0x00000000eaa80000,0x00000000eec80000,0x00000000eec80000)
  from space 2560K, 99% used [0x00000000eef00000,0x00000000ef17c030,0x00000000ef180000)
  to   space 2560K, 0% used [0x00000000eec80000,0x00000000eec80000,0x00000000eef00000)
 ParOldGen       total 43520K, used 7646K [0x00000000c0000000, 0x00000000c2a80000, 0x00000000eaa80000)
  object space 43520K, 17% used [0x00000000c0000000,0x00000000c0777ad0,0x00000000c2a80000)
 PSPermGen       total 21504K, used 4513K [0x00000000bae00000, 0x00000000bc300000, 0x00000000c0000000)
  object space 21504K, 20% used [0x00000000bae00000,0x00000000bb2685f0,0x00000000bc300000)
Event: 2.668 GC heap after
Heap after GC invocations=5 (full 0):
 PSYoungGen      total 70144K, used 2528K [0x00000000eaa80000, 0x00000000f3f80000, 0x0000000100000000)
  eden space 67584K, 0% used [0x00000000eaa80000,0x00000000eaa80000,0x00000000eec80000)
  from space 2560K, 98% used [0x00000000eec80000,0x00000000eeef8060,0x00000000eef00000)
  to   space 8704K, 0% used [0x00000000f3700000,0x00000000f3700000,0x00000000f3f80000)
 ParOldGen       total 43520K, used 12233K [0x00000000c0000000, 0x00000000c2a80000, 0x00000000eaa80000)
  object space 43520K, 28% used [0x00000000c0000000,0x00000000c0bf2490,0x00000000c2a80000)
 PSPermGen       total 21504K, used 4513K [0x00000000bae00000, 0x00000000bc300000, 0x00000000c0000000)
  object space 21504K, 20% used [0x00000000bae00000,0x00000000bb2685f0,0x00000000bc300000)
}
Event: 3.144 GC heap before
{Heap before GC invocations=6 (full 0):
 PSYoungGen      total 70144K, used 70112K [0x00000000eaa80000, 0x00000000f3f80000, 0x0000000100000000)
  eden space 67584K, 100% used [0x00000000eaa80000,0x00000000eec80000,0x00000000eec80000)
  from space 2560K, 98% used [0x00000000eec80000,0x00000000eeef8060,0x00000000eef00000)
  to   space 8704K, 0% used [0x00000000f3700000,0x00000000f3700000,0x00000000f3f80000)
 ParOldGen       total 43520K, used 12233K [0x00000000c0000000, 0x00000000c2a80000, 0x00000000eaa80000)
  object space 43520K, 28% used [0x00000000c0000000,0x00000000c0bf2490,0x00000000c2a80000)
 PSPermGen       total 21504K, used 4514K [0x00000000bae00000, 0x00000000bc300000, 0x00000000c0000000)
  object space 21504K, 20% used [0x00000000bae00000,0x00000000bb268a18,0x00000000bc300000)
Event: 3.156 GC heap after
Heap after GC invocations=6 (full 0):
 PSYoungGen      total 142848K, used 7520K [0x00000000eaa80000, 0x00000000f4180000, 0x0000000100000000)
  eden space 134144K, 0% used [0x00000000eaa80000,0x00000000eaa80000,0x00000000f2d80000)
  from space 8704K, 86% used [0x00000000f3700000,0x00000000f3e58140,0x00000000f3f80000)
  to   space 9728K, 0% used [0x00000000f2d80000,0x00000000f2d80000,0x00000000f3700000)
 ParOldGen       total 43520K, used 12241K [0x00000000c0000000, 0x00000000c2a80000, 0x00000000eaa80000)
  object space 43520K, 28% used [0x00000000c0000000,0x00000000c0bf4490,0x00000000c2a80000)
 PSPermGen       total 21504K, used 4514K [0x00000000bae00000, 0x00000000bc300000, 0x00000000c0000000)
  object space 21504K, 20% used [0x00000000bae00000,0x00000000bb268a18,0x00000000bc300000)
}
Event: 3.790 GC heap before
{Heap before GC invocations=7 (full 0):
 PSYoungGen      total 142848K, used 141664K [0x00000000eaa80000, 0x00000000f4180000, 0x0000000100000000)
  eden space 134144K, 100% used [0x00000000eaa80000,0x00000000f2d80000,0x00000000f2d80000)
  from space 8704K, 86% used [0x00000000f3700000,0x00000000f3e58140,0x00000000f3f80000)
  to   space 9728K, 0% used [0x00000000f2d80000,0x00000000f2d80000,0x00000000f3700000)
 ParOldGen       total 43520K, used 12241K [0x00000000c0000000, 0x00000000c2a80000, 0x00000000eaa80000)
  object space 43520K, 28% used [0x00000000c0000000,0x00000000c0bf4490,0x00000000c2a80000)
 PSPermGen       total 21504K, used 4517K [0x00000000bae00000, 0x00000000bc300000, 0x00000000c0000000)
  object space 21504K, 21% used [0x00000000bae00000,0x00000000bb269460,0x00000000bc300000)
Event: 3.811 GC heap after
Heap after GC invocations=7 (full 0):
 PSYoungGen      total 143872K, used 9712K [0x00000000eaa80000, 0x00000000fcb80000, 0x0000000100000000)
  eden space 134144K, 0% used [0x00000000eaa80000,0x00000000eaa80000,0x00000000f2d80000)
  from space 9728K, 99% used [0x00000000f2d80000,0x00000000f36fc190,0x00000000f3700000)
  to   space 13824K, 0% used [0x00000000fbe00000,0x00000000fbe00000,0x00000000fcb80000)
 ParOldGen       total 43520K, used 16833K [0x00000000c0000000, 0x00000000c2a80000, 0x00000000eaa80000)
  object space 43520K, 38% used [0x00000000c0000000,0x00000000c1070418,0x00000000c2a80000)
 PSPermGen       total 21504K, used 4517K [0x00000000bae00000, 0x00000000bc300000, 0x00000000c0000000)
  object space 21504K, 21% used [0x00000000bae00000,0x00000000bb269460,0x00000000bc300000)
}
Event: 4.412 GC heap before
{Heap before GC invocations=8 (full 0):
 PSYoungGen      total 143872K, used 143856K [0x00000000eaa80000, 0x00000000fcb80000, 0x0000000100000000)
  eden space 134144K, 100% used [0x00000000eaa80000,0x00000000f2d80000,0x00000000f2d80000)
  from space 9728K, 99% used [0x00000000f2d80000,0x00000000f36fc190,0x00000000f3700000)
  to   space 13824K, 0% used [0x00000000fbe00000,0x00000000fbe00000,0x00000000fcb80000)
 ParOldGen       total 43520K, used 16833K [0x00000000c0000000, 0x00000000c2a80000, 0x00000000eaa80000)
  object space 43520K, 38% used [0x00000000c0000000,0x00000000c1070418,0x00000000c2a80000)
 PSPermGen       total 21504K, used 4524K [0x00000000bae00000, 0x00000000bc300000, 0x00000000c0000000)
  object space 21504K, 21% used [0x00000000bae00000,0x00000000bb26b350,0x00000000bc300000)
Event: 4.432 GC heap after
Heap after GC invocations=8 (full 0):
 PSYoungGen      total 279552K, used 13792K [0x00000000eaa80000, 0x00000000fd080000, 0x0000000100000000)
  eden space 265728K, 0% used [0x00000000eaa80000,0x00000000eaa80000,0x00000000fae00000)
  from space 13824K, 99% used [0x00000000fbe00000,0x00000000fcb78200,0x00000000fcb80000)
  to   space 16384K, 0% used [0x00000000fae00000,0x00000000fae00000,0x00000000fbe00000)
 ParOldGen       total 43520K, used 18328K [0x00000000c0000000, 0x00000000c2a80000, 0x00000000eaa80000)
  object space 43520K, 42% used [0x00000000c0000000,0x00000000c11e6398,0x00000000c2a80000)
 PSPermGen       total 21504K, used 4524K [0x00000000bae00000, 0x00000000bc300000, 0x00000000c0000000)
  object space 21504K, 21% used [0x00000000bae00000,0x00000000bb26b350,0x00000000bc300000)
}

