# JRE version: Java(TM) SE Runtime Environment (7.0_75-b13) (build 1.7.0_75-b13)
# Java VM: Java HotSpot(TM) 64-Bit Server VM (24.75-b04 mixed mode windows-amd64 compressed oops)
Heap
 PSYoungGen      total 335872K, used 198076K [0x00000000eaa80000, 0x00000000fff80000, 0x0000000100000000)
  eden space 322048K, 59% used [0x00000000eaa80000,0x00000000f6593070,0x00000000fe500000)
  from space 13824K, 47% used [0x00000000fe500000,0x00000000feb5c1d0,0x00000000ff280000)
  to   space 13312K, 0% used [0x00000000ff280000,0x00000000ff280000,0x00000000fff80000)
 ParOldGen       total 43520K, used 31660K [0x00000000c0000000, 0x00000000c2a80000, 0x00000000eaa80000)
  object space 43520K, 72% used [0x00000000c0000000,0x00000000c1eeb360,0x00000000c2a80000)
 PSPermGen       total 21504K, used 4527K [0x00000000bae00000, 0x00000000bc300000, 0x00000000c0000000)
  object space 21504K, 21% used [0x00000000bae00000,0x00000000bb26be20,0x00000000bc300000)
GC Heap History (10 events):
Event: 4.321 GC heap before
{Heap before GC invocations=7 (full 0):
 PSYoungGen      total 142848K, used 140944K [0x00000000eaa80000, 0x00000000f3d80000, 0x0000000100000000)
  eden space 135168K, 100% used [0x00000000eaa80000,0x00000000f2e80000,0x00000000f2e80000)
  from space 7680K, 75% used [0x00000000f3600000,0x00000000f3ba40f0,0x00000000f3d80000)
  to   space 7680K, 0% used [0x00000000f2e80000,0x00000000f2e80000,0x00000000f3600000)
 ParOldGen       total 43520K, used 9641K [0x00000000c0000000, 0x00000000c2a80000, 0x00000000eaa80000)
  object space 43520K, 22% used [0x00000000c0000000,0x00000000c096a6f0,0x00000000c2a80000)
 PSPermGen       total 21504K, used 4513K [0x00000000bae00000, 0x00000000bc300000, 0x00000000c0000000)
  object space 21504K, 20% used [0x00000000bae00000,0x00000000bb268778,0x00000000bc300000)
Event: 4.346 GC heap after
Heap after GC invocations=7 (full 0):
 PSYoungGen      total 142848K, used 7648K [0x00000000eaa80000, 0x00000000fc580000, 0x0000000100000000)
  eden space 135168K, 0% used [0x00000000eaa80000,0x00000000eaa80000,0x00000000f2e80000)
  from space 7680K, 99% used [0x00000000f2e80000,0x00000000f35f8140,0x00000000f3600000)
  to   space 9728K, 0% used [0x00000000fbc00000,0x00000000fbc00000,0x00000000fc580000)
 ParOldGen       total 43520K, used 11407K [0x00000000c0000000, 0x00000000c2a80000, 0x00000000eaa80000)
  object space 43520K, 26% used [0x00000000c0000000,0x00000000c0b23f78,0x00000000c2a80000)
 PSPermGen       total 21504K, used 4513K [0x00000000bae00000, 0x00000000bc300000, 0x00000000c0000000)
  object space 21504K, 20% used [0x00000000bae00000,0x00000000bb268778,0x00000000bc300000)
}
Event: 4.970 GC heap before
{Heap before GC invocations=8 (full 0):
 PSYoungGen      total 142848K, used 142816K [0x00000000eaa80000, 0x00000000fc580000, 0x0000000100000000)
  eden space 135168K, 100% used [0x00000000eaa80000,0x00000000f2e80000,0x00000000f2e80000)
  from space 7680K, 99% used [0x00000000f2e80000,0x00000000f35f8140,0x00000000f3600000)
  to   space 9728K, 0% used [0x00000000fbc00000,0x00000000fbc00000,0x00000000fc580000)
 ParOldGen       total 43520K, used 11407K [0x00000000c0000000, 0x00000000c2a80000, 0x00000000eaa80000)
  object space 43520K, 26% used [0x00000000c0000000,0x00000000c0b23f78,0x00000000c2a80000)
 PSPermGen       total 21504K, used 4515K [0x00000000bae00000, 0x00000000bc300000, 0x00000000c0000000)
  object space 21504K, 20% used [0x00000000bae00000,0x00000000bb268f00,0x00000000bc300000)
Event: 4.993 GC heap after
Heap after GC invocations=8 (full 0):
 PSYoungGen      total 278016K, used 9712K [0x00000000eaa80000, 0x00000000fc980000, 0x0000000100000000)
  eden space 268288K, 0% used [0x00000000eaa80000,0x00000000eaa80000,0x00000000fb080000)
  from space 9728K, 99% used [0x00000000fbc00000,0x00000000fc57c150,0x00000000fc580000)
  to   space 11776K, 0% used [0x00000000fb080000,0x00000000fb080000,0x00000000fbc00000)
 ParOldGen       total 43520K, used 13103K [0x00000000c0000000, 0x00000000c2a80000, 0x00000000eaa80000)
  object space 43520K, 30% used [0x00000000c0000000,0x00000000c0ccbdc8,0x00000000c2a80000)
 PSPermGen       total 21504K, used 4515K [0x00000000bae00000, 0x00000000bc300000, 0x00000000c0000000)
  object space 21504K, 20% used [0x00000000bae00000,0x00000000bb268f00,0x00000000bc300000)
}
Event: 5.802 GC heap before
{Heap before GC invocations=9 (full 0):
 PSYoungGen      total 278016K, used 278000K [0x00000000eaa80000, 0x00000000fc980000, 0x0000000100000000)
  eden space 268288K, 100% used [0x00000000eaa80000,0x00000000fb080000,0x00000000fb080000)
  from space 9728K, 99% used [0x00000000fbc00000,0x00000000fc57c150,0x00000000fc580000)
  to   space 11776K, 0% used [0x00000000fb080000,0x00000000fb080000,0x00000000fbc00000)
 ParOldGen       total 43520K, used 13103K [0x00000000c0000000, 0x00000000c2a80000, 0x00000000eaa80000)
  object space 43520K, 30% used [0x00000000c0000000,0x00000000c0ccbdc8,0x00000000c2a80000)
 PSPermGen       total 21504K, used 4518K [0x00000000bae00000, 0x00000000bc300000, 0x00000000c0000000)
  object space 21504K, 21% used [0x00000000bae00000,0x00000000bb269860,0x00000000bc300000)
Event: 5.821 GC heap after
Heap after GC invocations=9 (full 0):
 PSYoungGen      total 280064K, used 11072K [0x00000000eaa80000, 0x0000000100000000, 0x0000000100000000)
  eden space 268288K, 0% used [0x00000000eaa80000,0x00000000eaa80000,0x00000000fb080000)
  from space 11776K, 94% used [0x00000000fb080000,0x00000000fbb501c0,0x00000000fbc00000)
  to   space 13312K, 0% used [0x00000000ff300000,0x00000000ff300000,0x0000000100000000)
 ParOldGen       total 43520K, used 16253K [0x00000000c0000000, 0x00000000c2a80000, 0x00000000eaa80000)
  object space 43520K, 37% used [0x00000000c0000000,0x00000000c0fdf438,0x00000000c2a80000)
 PSPermGen       total 21504K, used 4518K [0x00000000bae00000, 0x00000000bc300000, 0x00000000c0000000)
  object space 21504K, 21% used [0x00000000bae00000,0x00000000bb269860,0x00000000bc300000)
}
Event: 6.502 GC heap before
{Heap before GC invocations=10 (full 0):
 PSYoungGen      total 280064K, used 279360K [0x00000000eaa80000, 0x0000000100000000, 0x0000000100000000)
  eden space 268288K, 100% used [0x00000000eaa80000,0x00000000fb080000,0x00000000fb080000)
  from space 11776K, 94% used [0x00000000fb080000,0x00000000fbb501c0,0x00000000fbc00000)
  to   space 13312K, 0% used [0x00000000ff300000,0x00000000ff300000,0x0000000100000000)
 ParOldGen       total 43520K, used 16253K [0x00000000c0000000, 0x00000000c2a80000, 0x00000000eaa80000)
  object space 43520K, 37% used [0x00000000c0000000,0x00000000c0fdf438,0x00000000c2a80000)
 PSPermGen       total 21504K, used 4524K [0x00000000bae00000, 0x00000000bc300000, 0x00000000c0000000)
  object space 21504K, 21% used [0x00000000bae00000,0x00000000bb26b1b8,0x00000000bc300000)
Event: 6.532 GC heap after
Heap after GC invocations=10 (full 0):
 PSYoungGen      total 335360K, used 9376K [0x00000000eaa80000, 0x0000000100000000, 0x0000000100000000)
  eden space 322048K, 0% used [0x00000000eaa80000,0x00000000eaa80000,0x00000000fe500000)
  from space 13312K, 70% used [0x00000000ff300000,0x00000000ffc281a0,0x0000000100000000)
  to   space 13824K, 0% used [0x00000000fe500000,0x00000000fe500000,0x00000000ff280000)
 ParOldGen       total 43520K, used 22551K [0x00000000c0000000, 0x00000000c2a80000, 0x00000000eaa80000)
  object space 43520K, 51% used [0x00000000c0000000,0x00000000c1605c00,0x00000000c2a80000)
 PSPermGen       total 21504K, used 4524K [0x00000000bae00000, 0x00000000bc300000, 0x00000000c0000000)
  object space 21504K, 21% used [0x00000000bae00000,0x00000000bb26b1b8,0x00000000bc300000)
}
Event: 7.085 GC heap before
{Heap before GC invocations=11 (full 0):
 PSYoungGen      total 335360K, used 331424K [0x00000000eaa80000, 0x0000000100000000, 0x0000000100000000)
  eden space 322048K, 100% used [0x00000000eaa80000,0x00000000fe500000,0x00000000fe500000)
  from space 13312K, 70% used [0x00000000ff300000,0x00000000ffc281a0,0x0000000100000000)
  to   space 13824K, 0% used [0x00000000fe500000,0x00000000fe500000,0x00000000ff280000)
 ParOldGen       total 43520K, used 22551K [0x00000000c0000000, 0x00000000c2a80000, 0x00000000eaa80000)
  object space 43520K, 51% used [0x00000000c0000000,0x00000000c1605c00,0x00000000c2a80000)
 PSPermGen       total 21504K, used 4526K [0x00000000bae00000, 0x00000000bc300000, 0x00000000c0000000)
  object space 21504K, 21% used [0x00000000bae00000,0x00000000bb26b9a0,0x00000000bc300000)
Event: 7.106 GC heap after
Heap after GC invocations=11 (full 0):
 PSYoungGen      total 335872K, used 6512K [0x00000000eaa80000, 0x00000000fff80000, 0x0000000100000000)
  eden space 322048K, 0% used [0x00000000eaa80000,0x00000000eaa80000,0x00000000fe500000)
  from space 13824K, 47% used [0x00000000fe500000,0x00000000feb5c1d0,0x00000000ff280000)
  to   space 13312K, 0% used [0x00000000ff280000,0x00000000ff280000,0x00000000fff80000)
 ParOldGen       total 43520K, used 31660K [0x00000000c0000000, 0x00000000c2a80000, 0x00000000eaa80000)
  object space 43520K, 72% used [0x00000000c0000000,0x00000000c1eeb360,0x00000000c2a80000)
 PSPermGen       total 21504K, used 4526K [0x00000000bae00000, 0x00000000bc300000, 0x00000000c0000000)
  object space 21504K, 21% used [0x00000000bae00000,0x00000000bb26b9a0,0x00000000bc300000)
}

